<?xml version="1.0" encoding="UTF-8"?>
<!-- Generated by org.testng.reporters.JUnitXMLReporter -->
<testsuite ignored="0" hostname="LAPTOP-AK2LB4GI" failures="0" tests="10" name="Flight Search Automation-edgeTest" time="18.72" errors="0" timestamp="2022-03-09T18:09:27 IST">
  <testcase classname="TestScenarios.FlightSearch" name="testcaseReadxl" time="0.082"/>
  <testcase classname="TestScenarios.FlightSearch" name="testOrigin" time="1.271"/>
  <testcase classname="TestScenarios.FlightSearch" name="testDestination" time="1.8"/>
  <testcase classname="TestScenarios.FlightSearch" name="testDate" time="0.11"/>
  <testcase classname="TestScenarios.FlightSearch" name="testClass" time="0.203"/>
  <testcase classname="TestScenarios.FlightSearch" name="testSubmit" time="0.263"/>
  <testcase classname="TestScenarios.FlightSearch" name="verifyDateCity" time="0.685"/>
  <testcase classname="TestScenarios.FlightSearch" name="testCollectFlights" time="0.48"/>
  <testcase classname="TestScenarios.FlightSearch" name="screenshot" time="0.216"/>
  <testcase classname="TestScenarios.FlightSearch" name="prodintoexcel" time="0.433"/>
</testsuite> <!-- Flight Search Automation-edgeTest -->
