<?xml version="1.0" encoding="UTF-8"?>
<!-- Generated by org.testng.reporters.JUnitXMLReporter -->
<testsuite ignored="0" hostname="LAPTOP-AK2LB4GI" failures="0" tests="10" name="Flight Search Automation-chromeTest" time="17.028" errors="0" timestamp="2022-03-09T18:09:09 IST">
  <testcase classname="TestScenarios.FlightSearch" name="testcaseReadxl" time="2.561"/>
  <testcase classname="TestScenarios.FlightSearch" name="testOrigin" time="0.868"/>
  <testcase classname="TestScenarios.FlightSearch" name="testDestination" time="1.028"/>
  <testcase classname="TestScenarios.FlightSearch" name="testDate" time="0.155"/>
  <testcase classname="TestScenarios.FlightSearch" name="testClass" time="0.489"/>
  <testcase classname="TestScenarios.FlightSearch" name="testSubmit" time="0.181"/>
  <testcase classname="TestScenarios.FlightSearch" name="verifyDateCity" time="0.92"/>
  <testcase classname="TestScenarios.FlightSearch" name="testCollectFlights" time="0.565"/>
  <testcase classname="TestScenarios.FlightSearch" name="screenshot" time="0.341"/>
  <testcase classname="TestScenarios.FlightSearch" name="prodintoexcel" time="0.503"/>
</testsuite> <!-- Flight Search Automation-chromeTest -->
